<?xml version="1.0" encoding="UTF-8"?>
<!-- Generated by org.testng.reporters.JUnitReportReporter -->
<testsuite hostname="Ignacio-PC" failures="0" tests="1" name="Enviopack.App.TestDePrueba" time="7.662" errors="0" timestamp="2024-09-19T12:57:38 ART" skipped="0">
  <testcase classname="Enviopack.App.TestDePrueba" name="baseTest" time="7.662"/>
</testsuite> <!-- Enviopack.App.TestDePrueba -->
