<?xml version="1.0" encoding="UTF-8"?>
<!-- Generated by org.testng.reporters.JUnitReportReporter -->
<testsuite hostname="Ignacio-PC" failures="0" tests="1" name="com.enviopack.tests.AccessAccount" time="13.023" errors="0" timestamp="2024-10-07T16:55:59 ART" skipped="0">
  <testcase classname="com.enviopack.tests.AccessAccount" name="AccessIdAccount" time="13.023"/>
  <system-out/>
</testsuite> <!-- com.enviopack.tests.AccessAccount -->
