<?xml version="1.0" encoding="UTF-8"?>
<!-- Generated by org.testng.reporters.JUnitReportReporter -->
<testsuite hostname="Ignacio-PC" failures="0" tests="2" name="com.enviopack.tests.LoginTest" time="23.591" errors="0" timestamp="2024-10-08T11:55:36 ART" skipped="0">
  <testcase classname="com.enviopack.tests.LoginTest" name="loginAdmin" time="11.217"/>
  <system-out/>
  <testcase classname="com.enviopack.tests.LoginTest" name="loginSeller" time="12.374"/>
  <system-out/>
</testsuite> <!-- com.enviopack.tests.LoginTest -->
