<?xml version="1.0" encoding="UTF-8"?>
<!-- Generated by org.testng.reporters.JUnitReportReporter -->
<testsuite hostname="Ignacio-PC" failures="0" tests="1" name="com.enviopack.common.BaseTest" time="6.761" errors="0" timestamp="2024-09-20T17:13:08 ART" skipped="0">
  <testcase classname="com.enviopack.common.BaseTest" name="baseTest" time="6.761"/>
  <system-out/>
</testsuite> <!-- com.enviopack.common.BaseTest -->
