<?xml version="1.0" encoding="UTF-8"?>
<!-- Generated by org.testng.reporters.JUnitReportReporter -->
<testsuite hostname="Ignacio-PC" failures="0" tests="2" name="com.enviopack.tests.LoginTest" time="46.889" errors="0" timestamp="2024-10-14T12:56:24 ART" skipped="0">
  <testcase classname="com.enviopack.tests.LoginTest" name="loginAdmin" time="36.815"/>
  <system-out/>
  <testcase classname="com.enviopack.tests.LoginTest" name="loginSeller" time="10.074"/>
  <system-out/>
</testsuite> <!-- com.enviopack.tests.LoginTest -->
