<?xml version="1.0" encoding="UTF-8"?>
<!-- Generated by org.testng.reporters.JUnitReportReporter -->
<testsuite hostname="Ignacio-PC" failures="0" tests="2" name="com.enviopack.tests.LoginTest" time="24.908" errors="0" timestamp="2024-10-04T15:50:55 ART" skipped="0">
  <testcase classname="com.enviopack.tests.LoginTest" name="loginAdmin" time="12.893"/>
  <system-out/>
  <testcase classname="com.enviopack.tests.LoginTest" name="loginSeller" time="12.015"/>
  <system-out/>
</testsuite> <!-- com.enviopack.tests.LoginTest -->
