<?xml version="1.0" encoding="UTF-8"?>
<!-- Generated by org.testng.reporters.JUnitReportReporter -->
<testsuite hostname="Ignacio-PC" failures="0" tests="2" name="com.enviopack.tests.LoginTest" time="18.762" errors="0" timestamp="2024-10-02T17:24:20 ART" skipped="0">
  <testcase classname="com.enviopack.tests.LoginTest" name="loginSeller" time="9.235"/>
  <system-out/>
  <testcase classname="com.enviopack.tests.LoginTest" name="loginAdmin" time="9.527"/>
  <system-out/>
</testsuite> <!-- com.enviopack.tests.LoginTest -->
