<?xml version="1.0" encoding="UTF-8"?>
<!-- Generated by org.testng.reporters.JUnitReportReporter -->
<testsuite hostname="Ignacio-PC" failures="0" tests="2" name="com.enviopack.tests.LoginTest" time="25.104" errors="0" timestamp="2024-10-23T16:57:45 ART" skipped="0">
  <testcase classname="com.enviopack.tests.LoginTest" name="loginSeller" time="13.768"/>
  <system-out/>
  <testcase classname="com.enviopack.tests.LoginTest" name="loginAdmin" time="11.336"/>
  <system-out/>
</testsuite> <!-- com.enviopack.tests.LoginTest -->
