<?xml version="1.0" encoding="UTF-8"?>
<!-- Generated by org.testng.reporters.JUnitReportReporter -->
<testsuite hostname="Ignacio-PC" failures="0" tests="1" name="com.enviopack.tests.LoginTest" time="7.094" errors="0" timestamp="2024-09-20T17:32:08 ART" skipped="0">
  <testcase classname="com.enviopack.tests.LoginTest" name="testLogin" time="7.094"/>
  <system-out/>
</testsuite> <!-- com.enviopack.tests.LoginTest -->
