<?xml version="1.0" encoding="UTF-8"?>
<!-- Generated by org.testng.reporters.JUnitReportReporter -->
<testsuite hostname="Ignacio-PC" failures="0" tests="1" name="com.enviopack.tests.LoginTest" time="8.052" errors="0" timestamp="2024-09-23T18:08:06 ART" skipped="0">
  <testcase classname="com.enviopack.tests.LoginTest" name="testLogin" time="8.052"/>
  <system-out/>
</testsuite> <!-- com.enviopack.tests.LoginTest -->
