<?xml version="1.0" encoding="UTF-8"?>
<!-- Generated by org.testng.reporters.JUnitReportReporter -->
<testsuite hostname="Ignacio-PC" failures="0" tests="1" name="Enviopack.App.PruebaDeLectura" time="0.043" errors="0" timestamp="2024-09-20T15:29:55 ART" skipped="0">
  <testcase classname="Enviopack.App.PruebaDeLectura" name="leerConfiguracion" time="0.043"/>
  <system-out/>
</testsuite> <!-- Enviopack.App.PruebaDeLectura -->
